
Gurobi 13.0.1 (win64) logging started Thu Apr  9 23:54:31 2026

Set parameter LogFile to value "C:\Users\jiho\code\cloud_vmp_optimization\experiments\2604-chance-2sp-toy\results\runs\chance_2sp_toy_24vm_ratio_service_heavy_od14_sp5_bj5_sc10_cap8_avg20_lam010\solver.log"
Set parameter Threads to value 8
Gurobi Optimizer version 13.0.1 build v13.0.1rc0 (win64 - Windows 11+.0 (26200.2))

CPU model: 13th Gen Intel(R) Core(TM) i9-13900K, instruction set [SSE2|AVX|AVX2]
Thread count: 24 physical cores, 32 logical processors, using up to 8 threads

Non-default parameters:
TimeLimit  7200
MIPGap  0.001
Threads  8

Optimize a model with 54703 rows, 36468 columns and 399822 nonzeros (Min)
Model fingerprint: 0xf22c6ba2
Model has 312 linear objective coefficients
Variable types: 1680 continuous, 34788 integer (34788 binary)
Coefficient statistics:
  Matrix range     [2e-02, 4e+01]
  Objective range  [7e-03, 1e+00]
  Bounds range     [1e+00, 1e+00]
  RHS range        [1e-01, 2e+01]

Presolve removed 4333 rows and 3528 columns
Presolve time: 0.96s
Presolved: 50370 rows, 32940 columns, 391156 nonzeros
Variable types: 0 continuous, 32940 integer (32940 binary)
Deterministic concurrent LP optimizer: primal and dual simplex
Showing primal log only...


Root simplex log...

Iteration    Objective       Primal Inf.    Dual Inf.      Time
   16696    4.0139297e+00   0.000000e+00   1.668113e+02      5s
   22077    3.6410019e+00   0.000000e+00   9.621015e+03     10s
   26337    3.2658812e+00   0.000000e+00   4.787668e+04     15s
   30497    3.0567971e+00   0.000000e+00   2.184969e+04     20s
   34317    2.8991061e+00   0.000000e+00   5.800285e+03     25s
   38167    2.6057843e+00   0.000000e+00   3.018342e+03     30s
   41387    2.4435039e+00   0.000000e+00   3.194234e+05     35s
   44897    2.2998968e+00   0.000000e+00   3.015768e+03     40s
   48957    2.1780847e+00   0.000000e+00   7.914581e+03     45s
   52417    2.0729242e+00   0.000000e+00   1.314168e+03     50s
   55307    1.9788498e+00   0.000000e+00   3.000214e+04     55s
   57237    1.8230326e+00   0.000000e+00   8.184548e+03     60s
   58957    1.7371607e+00   0.000000e+00   1.143706e+04     65s
   60167    1.6815514e+00   0.000000e+00   1.393026e+05     70s
   61457    1.6537819e+00   0.000000e+00   1.631868e+03     75s
   62687    1.6103899e+00   0.000000e+00   2.818294e+03     80s
   64077    1.5556514e+00   0.000000e+00   7.287134e+03     85s
   65137    1.5232734e+00   0.000000e+00   4.141267e+02     90s
   66377    1.4937324e+00   0.000000e+00   1.146498e+03     95s
   67577    1.4459379e+00   0.000000e+00   2.091887e+04    101s
   68557    1.3912342e+00   0.000000e+00   1.804781e+03    105s
   70057    1.3500748e+00   0.000000e+00   6.907294e+03    110s
   71457    1.3028639e+00   0.000000e+00   1.732071e+03    115s
   72717    1.2452358e+00   0.000000e+00   5.409398e+03    120s
   73967    1.1721701e+00   0.000000e+00   1.348571e+03    125s
   75307    1.1333199e+00   0.000000e+00   5.665448e+02    130s
   76777    1.1005999e+00   0.000000e+00   7.493991e+01    135s
   78197    1.0856186e+00   0.000000e+00   1.709690e+02    140s
   79707    1.0781086e+00   0.000000e+00   1.327696e+03    145s
   80867    1.0734858e+00   0.000000e+00   2.470775e+01    150s
   82077    1.0441760e+00   0.000000e+00   5.445328e+03    155s
Concurrent spin time: 0.00s

Solved with dual simplex

Root simplex log...

Iteration    Objective       Primal Inf.    Dual Inf.      Time
   60202    1.0000000e+00   0.000000e+00   0.000000e+00    156s

Root relaxation: objective 1.000000e+00, 60202 iterations, 154.78 seconds (137.59 work units)

    Nodes    |    Current Node    |     Objective Bounds      |     Work
 Expl Unexpl |  Obj  Depth IntInf | Incumbent    BestBd   Gap | It/Node Time

     0     0    1.00000    0 12656          -    1.00000      -     -  644s
     0     0    2.11314    0 13571          -    2.11314      -     - 1093s
H    0     0                       5.0000000    2.11314  57.7%     - 1102s
     0     0    2.13781    0 10193    5.00000    2.13781  57.2%     - 1232s
     0     0    2.16983    0 6870    5.00000    2.16983  56.6%     - 1287s
     0     0    2.17474    0 7717    5.00000    2.17474  56.5%     - 1361s
     0     0    2.18363    0 7630    5.00000    2.18363  56.3%     - 1391s
     0     0    2.24267    0 7210    5.00000    2.24267  55.1%     - 1476s
     0     0    2.43659    0 7373    5.00000    2.43659  51.3%     - 1551s
     0     0    3.00000    0 6867    5.00000    3.00000  40.0%     - 1705s
     0     0    3.00000    0 6252    5.00000    3.00000  40.0%     - 1750s
     0     0    3.00000    0 7107    5.00000    3.00000  40.0%     - 1806s
     0     0    3.00000    0 6860    5.00000    3.00000  40.0%     - 1837s
     0     0    3.00000    0 6739    5.00000    3.00000  40.0%     - 1877s
     0     0    3.00000    0 7002    5.00000    3.00000  40.0%     - 1913s
     0     0    3.00000    0 6544    5.00000    3.00000  40.0%     - 1951s
     0     0    3.00000    0 6824    5.00000    3.00000  40.0%     - 1963s
     0     0    3.00000    0 7018    5.00000    3.00000  40.0%     - 1984s
     0     0    3.00000    0 7038    5.00000    3.00000  40.0%     - 1992s
     0     0    3.00000    0 6695    5.00000    3.00000  40.0%     - 2029s
     0     0    3.00000    0 6744    5.00000    3.00000  40.0%     - 2048s
     0     0    3.00000    0 6722    5.00000    3.00000  40.0%     - 2097s
     0     0    3.00000    0 6750    5.00000    3.00000  40.0%     - 2137s
     0     0    3.00000    0 6631    5.00000    3.00000  40.0%     - 2165s
     0     0    3.00000    0 6770    5.00000    3.00000  40.0%     - 2182s
     0     0    3.00000    0 6979    5.00000    3.00000  40.0%     - 2211s
     0     0    3.00000    0 6538    5.00000    3.00000  40.0%     - 2232s
     0     0    3.00000    0 6832    5.00000    3.00000  40.0%     - 2263s
     0     0    3.00000    0 6946    5.00000    3.00000  40.0%     - 2281s
     0     0    3.00000    0 7212    5.00000    3.00000  40.0%     - 2292s
     0     0    3.00000    0 7221    5.00000    3.00000  40.0%     - 2307s
     0     0    3.00000    0 7276    5.00000    3.00000  40.0%     - 2319s
     0     0    3.00000    0 7263    5.00000    3.00000  40.0%     - 2341s
     0     0    3.00000    0 7253    5.00000    3.00000  40.0%     - 2352s
     0     0    3.00000    0 7313    5.00000    3.00000  40.0%     - 2377s
     0     0    3.00000    0 7313    5.00000    3.00000  40.0%     - 2377s
     0     0    3.00000    0 7258    5.00000    3.00000  40.0%     - 2378s
     0     2    3.00000    0 7258    5.00000    3.00000  40.0%     - 2422s
     1     3 infeasible    1         5.00000    3.00000  40.0%  5502 2560s
     5     8    3.00000    3 3069    5.00000    3.00000  40.0% 30347 2570s
     9    15    4.00000    4 1924    5.00000    3.00000  40.0% 18533 2588s
    16    23    3.00000    5 3322    5.00000    3.00000  40.0% 13902 2606s
    24    76    3.00000    6 3178    5.00000    3.00000  40.0% 13574 2623s
    77   154    3.00000   14 2769    5.00000    3.00000  40.0%  5533 2650s
   155   289    3.00000   22 2594    5.00000    3.00000  40.0%  4298 2690s
   290   380    3.00000   25 2368    5.00000    3.00000  40.0%  3324 2736s
   381   479    3.00000   26 2556    5.00000    3.00000  40.0%  3131 2787s
   488   583    3.00000   30 2539    5.00000    3.00000  40.0%  3046 2835s
   592   682    3.00358   31 2463    5.00000    3.00000  40.0%  3070 2902s
   707   856    3.00019   31 2503    5.00000    3.00000  40.0%  3140 2964s
   927   873    3.00654   33 2520    5.00000    3.00000  40.0%  3013 3029s
   966   960    3.02673   32 2639    5.00000    3.00000  40.0%  3238 3107s
  1083  1055 infeasible  107         5.00000    3.00000  40.0%  3085 3189s
  1186  1160 infeasible  109         5.00000    3.00000  40.0%  3017 3280s
  1331  1344    3.04139   34 2672    5.00000    3.00000  40.0%  2887 3347s
  1539  1606    3.01178   27 3164    5.00000    3.00000  40.0%  2806 3412s
  1816  1607    4.16398  105 10193    5.00000    3.00000  40.0%  2594 3859s
  1818  1608    4.00000   14 5808    5.00000    3.00000  40.0%  2591 3964s
  1819  1609    4.00129   50 6578    5.00000    3.00000  40.0%  2590 4070s
  1820  1610    3.00000    5 6568    5.00000    3.00000  40.0%  2589 4136s
  1821  1610    4.00000   63 6145    5.00000    3.00000  40.0%  2587 4191s
  1822  1611    4.02931  157 6678    5.00000    3.00000  40.0%  2586 4229s
  1823  1612    4.09372  155 6676    5.00000    3.00000  40.0%  2584 4271s
  1824  1612    4.00000    6 6721    5.00000    3.00000  40.0%  2583 4323s
  1825  1613    4.13163  179 6719    5.00000    3.00000  40.0%  2582 4347s
  1826  1614    4.07400  143 7147    5.00000    3.00000  40.0%  2580 4399s
  1827  1614    4.16429  105 6609    5.00000    3.00000  40.0%  2579 4454s
  1828  1615    4.09454  201 7148    5.00000    3.00000  40.0%  2577 4508s
  1829  1616    3.00000   16 7229    5.00000    3.00000  40.0%  2576 4542s
  1830  1616    4.03333   97 7431    5.00000    3.00000  40.0%  2574 4585s
  1831  1617    4.05890  193 7374    5.00000    3.00000  40.0%  2573 4605s
  1832  1618    4.08999  154 7374    5.00000    3.00000  40.0%  2572 4660s
  1833  1620    4.00000   16 3644    5.00000    3.00000  40.0%  2806 4787s
  1834  1623    4.00000   17 2884    5.00000    3.00000  40.0%  2807 4857s
  1837  1626    4.00000   18 2407    5.00000    3.00000  40.0%  2821 4910s
  1843  1632    4.00000   19 2376    5.00000    3.00000  40.0%  2847 4923s
  1851  1655    4.00000   20 2014    5.00000    3.00000  40.0%  2855 4936s
  1879  1658    4.00000   23 1338    5.00000    3.00000  40.0%  2852 4947s
  1891  1663    4.00000   23 1434    5.00000    3.00000  40.0%  2842 4953s
  1900  1672    4.00000   24 1362    5.00000    3.00000  40.0%  2841 4962s
  1912  1682    4.00000   24 1455    5.00000    3.00000  40.0%  2838 4969s
  1926  1689    4.00000   25 1362    5.00000    3.00000  40.0%  2831 4980s
  1938  1701    4.00000   25 1360    5.00000    3.00000  40.0%  2826 4996s
  1954  1709    4.00000   26 1364    5.00000    3.00000  40.0%  2821 5013s
  1967  1744    4.00000   27 1301    5.00000    3.00000  40.0%  2816 5030s
  2006  1789    4.00000   34 1404    5.00000    3.00000  40.0%  2806 5044s
  2064  1822    4.00028   41 1393    5.00000    3.00000  40.0%  2785 5067s
  2121  1850    4.00054   46  931    5.00000    3.00000  40.0%  2744 5077s
  2168  1878    4.00054   49  894    5.00000    3.00000  40.0%  2727 5086s
  2217  1908    4.00054   52  885    5.00000    3.00000  40.0%  2702 5096s
  2270  1951    4.00059   58  825    5.00000    3.00000  40.0%  2683 5191s
  2348  1977    4.00072   66  511    5.00000    3.00000  40.0%  2653 5219s
  2412  2013    4.00107   67 1005    5.00000    3.00000  40.0%  2629 5232s
  2470  2085    4.00220   69  528    5.00000    3.00000  40.0%  2609 5247s
  2561  2141    4.00718   75  485    5.00000    3.00000  40.0%  2565 5256s
  2647  2217    4.01236   82  410    5.00000    3.00000  40.0%  2529 5264s
  2754  2278    4.01776   91  420    5.00000    3.00000  40.0%  2474 5280s
  2851  2339    4.02372  101  367    5.00000    3.00000  40.0%  2430 5288s
  2954  2429    4.02538  109  275    5.00000    3.00000  40.0%  2390 5302s
  3084  2511    4.05282  119  273    5.00000    3.00000  40.0%  2331 5314s
  3222  2614    4.05282  127  282    5.00000    3.00000  40.0%  2271 5324s
  3375  2722    4.05282  135  267    5.00000    3.00000  40.0%  2205 5330s
  3538  2845    4.05282  147  279    5.00000    3.00000  40.0%  2140 5337s
  3717  3006    4.05282  157  298    5.00000    3.00000  40.0%  2071 5345s
  3944  3156    4.05310  167  287    5.00000    3.00000  40.0%  1989 5352s
  4173  3346    4.05714  176  246    5.00000    3.00000  40.0%  1913 5359s
  4448  3558    4.05714  189  247    5.00000    3.00000  40.0%  1831 5366s
  4755  3770    4.05714  200  275    5.00000    3.00000  40.0%  1742 5373s
  5072  3701    4.12360  208  431    5.00000    3.00000  40.0%  1662 5382s
  5108  3750    4.05714  209  275    5.00000    3.00000  40.0%  1655 5390s
  5169  3820    4.07857  209  324    5.00000    3.00000  40.0%  1642 5397s
  5260  3883    4.05714  210  271    5.00000    3.00000  40.0%  1617 5405s
  5353  3948    4.07857  210  288    5.00000    3.00000  40.0%  1592 5416s
  5449  4014    4.05714  211  259    5.00000    3.00000  40.0%  1566 5424s
  5547  4081    4.09153  211  400    5.00000    3.00000  40.0%  1541 5432s
  5647  4151    4.05714  212  277    5.00000    3.00000  40.0%  1516 5440s
  5750  4222    4.12360  212  433    5.00000    3.00000  40.0%  1492 5448s
  5855  4310    4.05714  213  244    5.00000    3.00000  40.0%  1469 5462s
  5978  4404    4.05714  224  262    5.00000    3.00000  40.0%  1450 5472s
  6113  4511    4.05714  236  262    5.00000    3.00000  40.0%  1430 5483s
  6271  4639    4.05714  254  255    5.00000    3.00000  40.0%  1412 5499s
  6456  4937    4.09794  271  471    5.00000    3.00000  40.0%  1394 5510s
  6818  5278    4.05714  291  262    5.00000    3.00000  40.0%  1349 5527s
  7241  5705    4.05714  308  261    5.00000    3.00000  40.0%  1298 5539s
  7672  6060    4.12360  328  436    5.00000    3.00000  40.0%  1253 5556s
  8027  6533    4.12360  348  466    5.00000    3.00000  40.0%  1226 5569s
  8502  7084    4.09693  368  404    5.00000    3.00000  40.0%  1185 5581s
  9057  7549    4.05714  393  265    5.00000    3.00000  40.0%  1144 5592s
  9526  8167    4.06856  423  273    5.00000    3.00000  40.0%  1120 5605s
 10146  8833    4.05714  456  230    5.00000    3.00000  40.0%  1081 5619s
 10814  9528    4.07857  489  336    5.00000    3.00000  40.0%  1044 5634s
 11517 10218    4.05714  520  255    5.00000    3.00000  40.0%  1007 5649s
 12222 10960    4.05714  552  257    5.00000    3.00000  40.0%   980 5665s
 12987 11722    4.05714  586  277    5.00000    3.00000  40.0%   956 5680s
 13761 11736    4.05744  618  285    5.00000    3.00000  40.0%   934 5694s
 13775 12002    4.05714  619  277    5.00000    3.00000  40.0%   934 5709s
 14047 12575    4.05714  637  249    5.00000    3.00000  40.0%   926 5725s
 14638 13514    4.05714  673  249    5.00000    3.00000  40.0%   917 5755s
 15591 13896    4.07004  730  316    5.00000    3.00000  40.0%   908 5771s
 15989 14357    4.05714  763  241    5.00000    3.00000  40.0%   914 5794s
 16496 14838    4.05714  802  233    5.00000    3.00000  40.0%   917 5821s
 17029 15386    4.05714  843  246    5.00000    3.00000  40.0%   919 5843s
 17583 16045    4.05714  893  229    5.00000    3.00000  40.0%   923 5865s
 18246 16859    4.05714  943  234    5.00000    3.00000  40.0%   926 5887s
 19074 17860    4.05714  997  232    5.00000    3.00000  40.0%   923 5907s
 20077 18907    4.05714 1055  221    5.00000    3.00000  40.0%   912 5930s
 21134 19889    4.05714 1106  247    5.00000    3.00000  40.0%   901 5955s
 22128 20984    4.05714 1160  236    5.00000    3.00000  40.0%   894 5981s
 23237 22112    4.05714 1216  243    5.00000    3.00000  40.0%   884 6008s
 24386 23216    4.05714 1259  246    5.00000    3.00000  40.0%   871 6039s
 25550 24274    4.05714 1301  260    5.00000    3.00000  40.0%   857 6080s
 26619 25028    4.05714 1343  245    5.00000    3.00000  40.0%   845 6123s
 27407 25829    4.05714 1385  256    5.00000    3.00000  40.0%   841 6160s
 28232 26776    4.05714 1432  246    5.00000    3.00000  40.0%   836 6189s

Cutting planes:
  Gomory: 34
  Cover: 17
  MIR: 117
  Flow cover: 78
  Zero half: 29
  RLT: 200

Explored 29197 nodes (25200984 simplex iterations) in 7200.14 seconds (8880.97 work units)
Thread count was 8 (of 32 available processors)

Solution count 1: 5 

Time limit reached
Best objective 5.000000000000e+00, best bound 3.000000000000e+00, gap 40.0000%
