
Gurobi 13.0.1 (win64) logging started Fri Apr 10 03:54:46 2026

Set parameter LogFile to value "C:\Users\jiho\code\cloud_vmp_optimization\experiments\2604-chance-2sp-toy\results\runs\chance_2sp_toy_24vm_combination_od_only_od24_sp0_bj0_sc10_cap8_avg20_lam010\solver.log"
Set parameter Threads to value 8
Gurobi Optimizer version 13.0.1 build v13.0.1rc0 (win64 - Windows 11+.0 (26200.2))

CPU model: 13th Gen Intel(R) Core(TM) i9-13900K, instruction set [SSE2|AVX|AVX2]
Thread count: 24 physical cores, 32 logical processors, using up to 8 threads

Non-default parameters:
TimeLimit  7200
MIPGap  0.001
Threads  8

Optimize a model with 20987 rows, 9869 columns and 92888 nonzeros (Min)
Model fingerprint: 0x903cf05b
Model has 559 linear objective coefficients
Variable types: 1680 continuous, 8189 integer (8189 binary)
Coefficient statistics:
  Matrix range     [4e-02, 4e+01]
  Objective range  [4e-03, 1e+00]
  Bounds range     [1e+00, 1e+00]
  RHS range        [1e-01, 1e+00]

Presolve removed 8119 rows and 5280 columns
Presolve time: 0.24s
Presolved: 12868 rows, 4589 columns, 74504 nonzeros
Variable types: 0 continuous, 4589 integer (4589 binary)
Found heuristic solution: objective 9.0875000
Found heuristic solution: objective 8.4916667
Found heuristic solution: objective 8.3000000
Found heuristic solution: objective 7.4541667

Root relaxation: objective 4.887731e+00, 17572 iterations, 2.77 seconds (4.26 work units)

    Nodes    |    Current Node    |     Objective Bounds      |     Work
 Expl Unexpl |  Obj  Depth IntInf | Incumbent    BestBd   Gap | It/Node Time

     0     0    4.88773    0 1492    7.45417    4.88773  34.4%     -    3s
H    0     0                       7.4458333    4.88773  34.4%     -    3s
H    0     0                       7.2375000    4.88773  32.5%     -    3s
H    0     0                       7.1583333    4.88773  31.7%     -    3s
H    0     0                       7.0833333    4.88773  31.0%     -    4s
H    0     0                       7.0333333    4.88773  30.5%     -    4s
H    0     0                       7.0000000    4.88773  30.2%     -    4s
H    0     0                       6.1333333    5.00000  18.5%     -    4s
     0     0    5.00000    0  984    6.13333    5.00000  18.5%     -    4s
H    0     0                       6.0000000    5.00000  16.7%     -    4s
     0     0    5.00000    0  816    6.00000    5.00000  16.7%     -    4s
     0     0    5.00000    0 1008    6.00000    5.00000  16.7%     -    5s
     0     0    5.00000    0  648    6.00000    5.00000  16.7%     -    5s
     0     0    5.00000    0 1008    6.00000    5.00000  16.7%     -    6s
     0     0    5.00000    0  888    6.00000    5.00000  16.7%     -    6s
     0     0    5.00000    0  720    6.00000    5.00000  16.7%     -    6s
     0     0    5.00000    0  672    6.00000    5.00000  16.7%     -    6s
     0     0    5.00000    0  504    6.00000    5.00000  16.7%     -    7s
     0     0    5.00000    0  768    6.00000    5.00000  16.7%     -    7s
     0     0    5.00000    0  552    6.00000    5.00000  16.7%     -    7s
     0     0    5.00000    0  576    6.00000    5.00000  16.7%     -    7s
     0     0    5.00000    0  792    6.00000    5.00000  16.7%     -    8s
     0     0    5.00000    0  624    6.00000    5.00000  16.7%     -    8s
     0     0    5.00000    0  528    6.00000    5.00000  16.7%     -    8s
     0     0    5.00000    0  864    6.00000    5.00000  16.7%     -    8s
     0     0    5.00000    0  672    6.00000    5.00000  16.7%     -    9s
     0     0    5.00000    0  792    6.00000    5.00000  16.7%     -    9s
     0     0    5.00000    0 1032    6.00000    5.00000  16.7%     -    9s
     0     0    5.00000    0  768    6.00000    5.00000  16.7%     -    9s
     0     0    5.00000    0  576    6.00000    5.00000  16.7%     -    9s
     0     0    5.00000    0  864    6.00000    5.00000  16.7%     -   10s
     0     0    5.00000    0  744    6.00000    5.00000  16.7%     -   10s
     0     0    5.00000    0  744    6.00000    5.00000  16.7%     -   10s
     0     0    5.00000    0  600    6.00000    5.00000  16.7%     -   11s
     0     2    5.00000    0  504    6.00000    5.00000  16.7%     -   11s
    66    69    5.02032   11 1048    6.00000    5.00000  16.7%  2024   15s
   177   175    5.02264   18 1034    6.00000    5.00000  16.7%  1448   20s
   267   262    5.02398   24 1159    6.00000    5.00000  16.7%  1190   25s
   422   417    5.03697   44  951    6.00000    5.00000  16.7%   942   30s
   737   672    5.02669   26 1172    6.00000    5.00057  16.7%   764   35s
  1335  1036 infeasible    9         6.00000    5.00102  16.6%   625   40s
  1637  1190    5.00166   11 1217    6.00000    5.00117  16.6%   592   45s
  1947  1344    5.01065    8  528    6.00000    5.00127  16.6%   579   50s
  1955  1350    5.01269   23  768    6.00000    5.00127  16.6%   577   55s
  1964  1356    5.00546   21  936    6.00000    5.00127  16.6%   574   60s
  1983  1375    5.01100   16  782    6.00000    5.00417  16.6%   633   65s
  2156  1463    5.01473   26  959    6.00000    5.00417  16.6%   653   70s
  2398  1532 infeasible   34         6.00000    5.00417  16.6%   645   75s
  2725  1638    5.01649   36  974    6.00000    5.00417  16.6%   640   80s
  3026  1736    5.00417   22 1369    6.00000    5.00417  16.6%   637   86s
  3366  1831    5.00495   24 1078    6.00000    5.00417  16.6%   622   90s
  3671  1900    5.00417   28 1250    6.00000    5.00417  16.6%   620   96s
  3807  1874    5.00611   25 1442    6.00000    5.00417  16.6%   623  101s
  3925  1923    5.00794   27 1125    6.00000    5.00417  16.6%   625  106s
  4107  1979    5.01264   35  874    6.00000    5.00417  16.6%   624  111s
  4403  2010    5.00417   27 1514    6.00000    5.00417  16.6%   630  116s
  4682  2130 infeasible   39         6.00000    5.00417  16.6%   629  121s
  4934  2121 infeasible   57         6.00000    5.00417  16.6%   624  125s
  5325  2220    5.00461   33 1277    6.00000    5.00417  16.6%   634  132s
  5582  2263    5.00417   34 1090    6.00000    5.00417  16.6%   633  136s
  5824  2292    5.00417   32 1320    6.00000    5.00417  16.6%   636  140s
  6295  2455    5.00989   38 1259    6.00000    5.00417  16.6%   636  147s
  6562  2527 infeasible   40         6.00000    5.00417  16.6%   632  153s
  6756  2658    5.00417   27 1517    6.00000    5.00417  16.6%   638  156s
  7037  2788    5.00482   32 1549    6.00000    5.00417  16.6%   640  163s
  7289  2934 infeasible   32         6.00000    5.00417  16.6%   644  167s
  7573  3048    5.00756   35 1211    6.00000    5.00417  16.6%   642  171s
  7825  3174    5.00562   24 1344    6.00000    5.00417  16.6%   649  175s
  8344  3325    5.00430   30 1273    6.00000    5.00417  16.6%   657  183s
  8587  3436    5.00502   32 1321    6.00000    5.00417  16.6%   662  188s
  8848  3563    5.00417   27 1688    6.00000    5.00417  16.6%   665  192s
  9147  3605    5.00417   31 1493    6.00000    5.00417  16.6%   667  198s
  9251  3683 infeasible   37         6.00000    5.00417  16.6%   669  202s
  9473  3769    5.00533   24 1361    6.00000    5.00417  16.6%   672  208s
  9761  3880    5.01049   29 1072    6.00000    5.00417  16.6%   677  212s
 10098  3959    5.01231   37 1158    6.00000    5.00417  16.6%   680  218s
 10387  4003    5.00456   25 1811    6.00000    5.00417  16.6%   690  226s
 10507  4083    5.00594   24 1358    6.00000    5.00417  16.6%   691  232s
 10761  4159 infeasible   33         6.00000    5.00417  16.6%   697  240s
 10997  4208    5.00417   23 1748    6.00000    5.00417  16.6%   699  247s
 11190  4290    5.00436   24 1717    6.00000    5.00417  16.6%   706  254s
 11476  4369    5.00433   26 1402    6.00000    5.00417  16.6%   715  261s
 11750  4441 infeasible   38         6.00000    5.00417  16.6%   720  267s
 11974  4619    5.01301   29 1197    6.00000    5.00417  16.6%   722  274s
 12524  4819    5.01066   30 1265    6.00000    5.00417  16.6%   724  282s
 13098  4868    5.00461   24 1440    6.00000    5.00417  16.6%   728  288s
 13179  5031    5.01059   33 1213    6.00000    5.00417  16.6%   730  296s
 13664  5201    5.00454   31 1498    6.00000    5.00417  16.6%   738  304s
 14220  5330    5.01976   29 1019    6.00000    5.00417  16.6%   743  312s
 14655  5464    5.02151   32 1040    6.00000    5.00417  16.6%   747  322s
 15237  5641    5.00761   31 1489    6.00000    5.00417  16.6%   753  332s
 15786  5785 infeasible   28         6.00000    5.00417  16.6%   763  341s
 16328  5902 infeasible   38         6.00000    5.00417  16.6%   768  351s
 16817  6019    5.01422   27 1079    6.00000    5.00417  16.6%   773  365s
 17273  6138    5.00844   27 1499    6.00000    5.00417  16.6%   779  377s
 17734  6175    5.00831   30 1541    6.00000    5.00417  16.6%   786  389s
 17933  6356    5.01162   33 1059    6.00000    5.00417  16.6%   787  403s
 18702  6505    5.02323   31 1142    6.00000    5.00417  16.6%   792  422s
 19492  6594    5.00691   35 1384    6.00000    5.00417  16.6%   803  441s
 19981  6674 infeasible   29         6.00000    5.00417  16.6%   806  458s
 20505  6847    5.00600   27 1316    6.00000    5.00417  16.6%   814  477s
 21478  7104 infeasible   27         6.00000    5.00417  16.6%   815  497s
 22577  7258    5.00687   26 1507    6.00000    5.00417  16.6%   818  518s
 23216  7392    5.01090   34 1234    6.00000    5.00417  16.6%   822  538s
 24092  7555    5.00583   28 1491    6.00000    5.00417  16.6%   823  563s
 24841  7733    5.01015   26 1317    6.00000    5.00417  16.6%   826  587s
 25617  7818    5.01421   28 1315    6.00000    5.00417  16.6%   828  605s
 26380  7910    5.01580   33 1297    6.00000    5.00417  16.6%   833  621s
 27022  8047    5.01209   32 1404    6.00000    5.00417  16.6%   836  640s
 27839  8138    5.00626   23 1575    6.00000    5.00417  16.6%   838  657s
 28597  8270 infeasible   32         6.00000    5.00428  16.6%   841  679s
 29213  8449    5.00966   34 1499    6.00000    5.00441  16.6%   844  719s
 30009  8642 infeasible   38         6.00000    5.00463  16.6%   848  740s
 30967  8832    5.01817   32 1300    6.00000    5.00477  16.6%   845  758s
 31786  8960    5.00715   35 1642    6.00000    5.00491  16.6%   849  775s
 32500  9171    5.01391   33 1466    6.00000    5.00498  16.6%   851  794s
 33389  9328    5.01416   29 1369    6.00000    5.00505  16.6%   850  812s
 34214  9505 infeasible   31         6.00000    5.00513  16.6%   852  835s
 35051  9605    5.00882   26 1274    6.00000    5.00521  16.6%   851  856s
 35771  9703    5.01692   33 1345    6.00000    5.00529  16.6%   855  879s
 36504  9858 infeasible   29         6.00000    5.00537  16.6%   857  897s
 37279 10030    5.01197   31 1267    6.00000    5.00547  16.6%   859  914s
 37631 10135 infeasible   26         6.00000    5.00547  16.6%   857  932s
 38402 10277    5.01459   30 1218    6.00000    5.00555  16.6%   861  955s
 39194 10416 infeasible   29         6.00000    5.00563  16.6%   862  975s
 39891 10506    5.00798   27 1605    6.00000    5.00570  16.6%   863  994s
 39969 10506    5.01123   28 1098    6.00000    5.00570  16.6%   864  995s
 40588 10626 infeasible   27         6.00000    5.00576  16.6%   867 1016s
 41466 10685 infeasible   40         6.00000    5.00588  16.6%   868 1039s
 42075 10844    5.01565   33 1092    6.00000    5.00593  16.6%   870 1061s
 42830 10949    5.01266   36 1238    6.00000    5.00601  16.6%   873 1085s
 43513 10955    5.02349   34 1254    6.00000    5.00609  16.6%   876 1109s
 44117 11026 infeasible   31         6.00000    5.00616  16.6%   880 1140s
 44592 11116    5.01219   31 1351    6.00000    5.00618  16.6%   880 1185s
 45353 11203    5.01115   27 1645    6.00000    5.00623  16.6%   883 1226s
 46319 11260    5.01617   38 1127    6.00000    5.00630  16.6%   887 1265s
 47250 11518    5.01486   38 1220    6.00000    5.00654  16.6%   892 1308s
 48431 11575    5.09173   89  562    6.00000    5.00668  16.6%   891 1338s
 49288 11589    5.01259   32 1410    6.00000    5.00680  16.6%   895 1377s
 50174 11641    5.01147   24 1477    6.00000    5.00692  16.6%   898 1419s
 51055 11713    5.01181   34 1658    6.00000    5.00704  16.5%   900 1458s
 51947 11755 infeasible   32         6.00000    5.00714  16.5%   903 1505s
 52739 11756 infeasible   41         6.00000    5.00723  16.5%   906 1537s
 52842 11763    5.01830   28 1273    6.00000    5.00723  16.5%   906 1582s
 53628 11815    5.01895   30 1280    6.00000    5.00734  16.5%   909 1618s
 54422 11984 infeasible   35         6.00000    5.00744  16.5%   910 1648s
 55372 11995 infeasible   33         6.00000    5.00756  16.5%   912 1684s
 55751 12255    5.01147   27 1280    6.00000    5.00758  16.5%   913 1719s
 56737 12501 infeasible   37         6.00000    5.00767  16.5%   913 1763s
 57587 12479    5.01356   28 1436    6.00000    5.00778  16.5%   913 1804s
 58009 12584    5.01353   28 1258    6.00000    5.00781  16.5%   914 1828s
 58650 12730    5.01481   35 1474    6.00000    5.00795  16.5%   916 1848s
 59460 12699    5.01384   29 1416    6.00000    5.00802  16.5%   915 1876s
 60005 12731    5.01861   35 1394    6.00000    5.00811  16.5%   917 1906s
 60659 12869    5.03603   51  520    6.00000    5.00815  16.5%   919 1949s
 61138 12869    5.01848   30 1520    6.00000    5.00815  16.5%   918 1950s
 61509 12838    5.01398   31 1232    6.00000    5.00828  16.5%   920 1996s
 62146 12880 infeasible   40         6.00000    5.00838  16.5%   924 2042s
 62868 13043 infeasible   30         6.00000    5.00848  16.5%   925 2087s
 63754 13033    5.01292   33 1439    6.00000    5.00859  16.5%   926 2120s
 63934 13049    5.01035   28 1592    6.00000    5.00862  16.5%   927 2176s
 64652 13069    5.01316   35 1490    6.00000    5.00873  16.5%   930 2234s
 65370 13292    5.01604   26 1432    6.00000    5.00881  16.5%   931 2294s
 66367 13497 infeasible   26         6.00000    5.00892  16.5%   931 2351s
 67320 13504 infeasible   38         6.00000    5.00901  16.5%   931 2409s
 67404 13504    5.01468   30 1261    6.00000    5.00901  16.5%   931 2410s
 68064 13565    5.02113   37 1189    6.00000    5.00912  16.5%   933 2463s
 68879 13526 infeasible   32         6.00000    5.00923  16.5%   933 2524s
 69554 13701    5.01829   38 1573    6.00000    5.00934  16.5%   937 2586s
 70411 13676    5.01624   31 1538    6.00000    5.00942  16.5%   938 2647s
 71150 13670    5.01701   30 1552    6.00000    5.00953  16.5%   939 2702s
 71924 13742    5.02184   35 1241    6.00000    5.00963  16.5%   941 2758s
 72606 13946 infeasible   34         6.00000    5.00970  16.5%   942 2822s
 73561 13890 infeasible   29         6.00000    5.00983  16.5%   942 2867s
 74054 13935 infeasible   34         6.00000    5.00995  16.5%   943 2944s
 74883 13976 infeasible   28         6.00000    5.01003  16.5%   945 3024s
 75869 14052    5.02125   27 1582    6.00000    5.01016  16.5%   947 3090s
 76882 14259 infeasible   36         6.00000    5.01031  16.5%   946 3168s
 77760 14373    5.01922   34 1523    6.00000    5.01041  16.5%   946 3233s
 78558 14367 infeasible   31         6.00000    5.01053  16.5%   948 3277s
 79368 14353    5.01745   22 1505    6.00000    5.01063  16.5%   948 3334s
 79515 14353    5.02642   29 1428    6.00000    5.01063  16.5%   948 3335s
 80102 14605    5.01802   39 1177    6.00000    5.01076  16.5%   951 3396s
 81097 14605 infeasible   33         6.00000    5.01088  16.5%   950 3468s
 81829 14627    5.01897   23 1706    6.00000    5.01100  16.5%   951 3523s
 82647 14711 infeasible   38         6.00000    5.01108  16.5%   952 3592s
 83502 14754 infeasible   35         6.00000    5.01123  16.5%   954 3656s
 84302 14808    5.02309   35 1216    6.00000    5.01133  16.5%   955 3720s
 85126 14893 infeasible   34         6.00000    5.01144  16.5%   955 3782s
 85867 14950    5.01875   30 1667    6.00000    5.01156  16.5%   957 3852s
 86668 14855 infeasible   33         6.00000    5.01169  16.5%   958 3927s
 87343 14815    5.02048   37 1251    6.00000    5.01179  16.5%   961 4003s
 87999 14873    5.01602   36 1582    6.00000    5.01191  16.5%   961 4078s
 88873 14975    5.01343   19 1422    6.00000    5.01202  16.5%   962 4125s
 89637 14973    5.01465   29 1733    6.00000    5.01210  16.5%   962 4181s
 90202 15021    5.01876   34 1437    6.00000    5.01218  16.5%   963 4259s
 90745 15018    5.02540   37 1465    6.00000    5.01220  16.5%   964 4347s
 91471 15061 infeasible   34         6.00000    5.01227  16.5%   966 4438s
 92369 15118 infeasible   39         6.00000    5.01243  16.5%   965 4506s
 93332 15210    5.02426   28 1384    6.00000    5.01259  16.5%   966 4583s
 94250 15317    5.02425   33 1345    6.00000    5.01271  16.5%   967 4663s
 95263 15436 infeasible   29         6.00000    5.01286  16.5%   966 4728s
 96068 15410    5.03458   31 1078    6.00000    5.01294  16.5%   966 4797s
 96792 15449    5.03196   32 1184    6.00000    5.01305  16.4%   966 4852s
 97601 15470    5.01653   27 1512    6.00000    5.01314  16.4%   966 4898s
 98453 15497 infeasible   37         6.00000    5.01325  16.4%   967 4958s
 99330 15629 infeasible   32         6.00000    5.01337  16.4%   967 5012s
 100248 15802 infeasible   36         6.00000    5.01345  16.4%   967 5064s
 101207 15825 infeasible   30         6.00000    5.01356  16.4%   967 5117s
 102045 15831    5.01713   23 1846    6.00000    5.01372  16.4%   967 5162s
 102933 15898 infeasible   39         6.00000    5.01384  16.4%   967 5213s
 103842 15961 infeasible   34         6.00000    5.01396  16.4%   967 5261s
 104491 16058 infeasible   33         6.00000    5.01406  16.4%   967 5314s
 105360 16125    5.02529   31 1284    6.00000    5.01414  16.4%   967 5366s
 106242 16151    5.01871   30 1629    6.00000    5.01430  16.4%   967 5411s
 107006 16162    5.02015   23 1563    6.00000    5.01438  16.4%   966 5464s
 107885 16210    5.02074   29 1480    6.00000    5.01452  16.4%   967 5519s
 108636 16210 infeasible   35         6.00000    5.01464  16.4%   967 5520s
 108735 16276 infeasible   32         6.00000    5.01464  16.4%   967 5576s
 109605 16340    5.02267   24 1333    6.00000    5.01472  16.4%   967 5637s
 110423 16345    5.02412   28 1637    6.00000    5.01484  16.4%   967 5691s
 111246 16782 infeasible   30         6.00000    5.01496  16.4%   967 5744s
 112570 16854    5.01820   25 1634    6.00000    5.01507  16.4%   964 5804s
 113352 17018    5.01919   33 1333    6.00000    5.01520  16.4%   964 5872s
 114193 17512    5.02356   31 1447    6.00000    5.01527  16.4%   964 5930s
 115469 17596    5.02512   42  831    6.00000    5.01538  16.4%   960 5990s
 116298 17651 infeasible   34         6.00000    5.01551  16.4%   960 6039s
 117046 17789    5.02763   35 1427    6.00000    5.01560  16.4%   960 6082s
 117902 17919    5.02218   28 1737    6.00000    5.01571  16.4%   960 6124s
 118472 17934    5.02088   27 1485    6.00000    5.01573  16.4%   960 6169s
 118929 18096    5.02113   28 1131    6.00000    5.01574  16.4%   959 6252s
 120349 18102 infeasible   38         6.00000    5.01584  16.4%   958 6309s
 121219 18170 infeasible   25         6.00000    5.01612  16.4%   959 6366s
 122042 18264 infeasible   37         6.00000    5.01624  16.4%   958 6420s
 123035 18460    5.01939   25 1426    6.00000    5.01635  16.4%   958 6459s
 124052 18533 infeasible   29         6.00000    5.01646  16.4%   957 6499s
 124911 19099    5.02838   33 1390    6.00000    5.01660  16.4%   957 6550s
 126389 19138 infeasible   31         6.00000    5.01669  16.4%   953 6594s
 127055 19327 infeasible   35         6.00000    5.01679  16.4%   952 6638s
 127905 19427    5.04142   27 1504    6.00000    5.01688  16.4%   952 6681s
 128651 19505    5.02531   32 1396    6.00000    5.01694  16.4%   952 6728s
 129387 19546    5.02869   27 1491    6.00000    5.01706  16.4%   952 6764s
 130054 19787    5.02184   31 1302    6.00000    5.01714  16.4%   952 6791s
 131076 19919 infeasible   38         6.00000    5.01726  16.4%   950 6823s
 132014 19945    5.02038   29 1557    6.00000    5.01736  16.4%   949 6866s
 132712 19935    5.03525   40 1304    6.00000    5.01745  16.4%   950 6920s
 133360 20047 infeasible   24         6.00000    5.01754  16.4%   950 6967s
 134226 20041    5.03064   33 1253    6.00000    5.01764  16.4%   949 6995s
 134278 20171    5.02379   36 1466    6.00000    5.01764  16.4%   950 7054s
 135084 20363    5.02362   31 1297    6.00000    5.01768  16.4%   948 7120s
 136130 20461 infeasible   44         6.00000    5.01782  16.4%   947 7175s
 136970 20655    5.11208   91  352    6.00000    5.01792  16.4%   947 7200s

Cutting planes:
  Gomory: 1
  Cover: 7393
  Clique: 3
  MIR: 5520
  StrongCG: 3516
  Flow cover: 1303
  GUB cover: 2
  Inf proof: 9
  Zero half: 9
  RLT: 13

Explored 137753 nodes (130359625 simplex iterations) in 7200.16 seconds (10955.07 work units)
Thread count was 8 (of 32 available processors)

Solution count 10: 6 6.13333 7 ... 8.3

Time limit reached
Best objective 6.000000000000e+00, best bound 5.020833333333e+00, gap 16.3194%
